This file contains any messages produced by compilers while
running configure, to aid debugging if configure makes a mistake.

It was created by wograld-client configure 1.9.0, which was
generated by GNU Autoconf 2.59.  Invocation command line was

  $ ./configure 

## --------- ##
## Platform. ##
## --------- ##

hostname = localhost.localdomain
uname -m = i686
uname -r = 2.6.15-1.2054_FC5smp
uname -s = Linux
uname -v = #1 SMP Tue Mar 14 16:05:46 EST 2006

/usr/bin/uname -p = unknown
/bin/uname -X     = unknown

/bin/arch              = i686
/usr/bin/arch -k       = unknown
/usr/convex/getsysinfo = unknown
hostinfo               = unknown
/bin/machine           = unknown
/usr/bin/oslevel       = unknown
/bin/universe          = unknown

PATH: /usr/kerberos/sbin
PATH: /usr/kerberos/bin
PATH: /usr/local/sbin
PATH: /usr/local/bin
PATH: /sbin
PATH: /bin
PATH: /usr/sbin
PATH: /usr/bin
PATH: /usr/X11R6/bin
PATH: /root/bin


## ----------- ##
## Core tests. ##
## ----------- ##

configure:1397: checking build system type
configure:1415: result: i686-redhat-linux-gnu
configure:1423: checking host system type
configure:1437: result: i686-redhat-linux-gnu
configure:1445: checking target system type
configure:1459: result: i686-redhat-linux-gnu
configure:1488: checking for a BSD-compatible install
configure:1543: result: /usr/bin/install -c
configure:1554: checking whether build environment is sane
configure:1597: result: yes
configure:1662: checking for gawk
configure:1678: found /bin/gawk
configure:1688: result: gawk
configure:1698: checking whether make sets $(MAKE)
configure:1718: result: yes
configure:1895: checking for mkdir
configure:1913: found /bin/mkdir
configure:1925: result: /bin/mkdir
configure:1934: checking for tar
configure:1952: found /bin/tar
configure:1964: result: /bin/tar
configure:1973: checking for makedepend
configure:2006: result: no
configure:2012: checking for cp
configure:2030: found /bin/cp
configure:2042: result: /bin/cp
configure:2051: checking for rm
configure:2069: found /bin/rm
configure:2081: result: /bin/rm
configure:2090: checking for perl
configure:2108: found /usr/bin/perl
configure:2120: result: /usr/bin/perl
configure:2129: checking for ar
configure:2147: found /usr/bin/ar
configure:2159: result: /usr/bin/ar
configure:2179: checking for style of include used by make
configure:2207: result: GNU
configure:2278: checking for gcc
configure:2294: found /usr/local/bin/gcc
configure:2304: result: gcc
configure:2548: checking for C compiler version
configure:2551: gcc --version </dev/null >&5
gcc (GCC) 4.1.0
Copyright (C) 2006 Free Software Foundation, Inc.
This is free software; see the source for copying conditions.  There is NO
warranty; not even for MERCHANTABILITY or FITNESS FOR A PARTICULAR PURPOSE.

configure:2554: $? = 0
configure:2556: gcc -v </dev/null >&5
Using built-in specs.
Target: i686-pc-linux-gnu
Configured with: ./configure 
Thread model: posix
gcc version 4.1.0
configure:2559: $? = 0
configure:2561: gcc -V </dev/null >&5
gcc: '-V' option must have argument
configure:2564: $? = 1
configure:2587: checking for C compiler default output file name
configure:2590: gcc    conftest.c  >&5
configure:2593: $? = 0
configure:2639: result: a.out
configure:2644: checking whether the C compiler works
configure:2650: ./a.out
configure:2653: $? = 0
configure:2670: result: yes
configure:2677: checking whether we are cross compiling
configure:2679: result: no
configure:2682: checking for suffix of executables
configure:2684: gcc -o conftest    conftest.c  >&5
configure:2687: $? = 0
configure:2712: result: 
configure:2718: checking for suffix of object files
configure:2739: gcc -c   conftest.c >&5
configure:2742: $? = 0
configure:2764: result: o
configure:2768: checking whether we are using the GNU C compiler
configure:2792: gcc -c   conftest.c >&5
configure:2798: $? = 0
configure:2802: test -z 
			 || test ! -s conftest.err
configure:2805: $? = 0
configure:2808: test -s conftest.o
configure:2811: $? = 0
configure:2824: result: yes
configure:2830: checking whether gcc accepts -g
configure:2851: gcc -c -g  conftest.c >&5
configure:2857: $? = 0
configure:2861: test -z 
			 || test ! -s conftest.err
configure:2864: $? = 0
configure:2867: test -s conftest.o
configure:2870: $? = 0
configure:2881: result: yes
configure:2898: checking for gcc option to accept ANSI C
configure:2968: gcc  -c -g -O2  conftest.c >&5
configure:2974: $? = 0
configure:2978: test -z 
			 || test ! -s conftest.err
configure:2981: $? = 0
configure:2984: test -s conftest.o
configure:2987: $? = 0
configure:3005: result: none needed
configure:3023: gcc -c -g -O2  conftest.c >&5
conftest.c:2: error: expected '=', ',', ';', 'asm' or '__attribute__' before 'me'
configure:3029: $? = 1
configure: failed program was:
| #ifndef __cplusplus
|   choke me
| #endif
configure:3164: checking dependency style of gcc
configure:3254: result: gcc3
configure:3277: checking how to run the C preprocessor
configure:3312: gcc -E  conftest.c
configure:3318: $? = 0
configure:3350: gcc -E  conftest.c
conftest.c:11:28: error: ac_nonexistent.h: No such file or directory
configure:3356: $? = 1
configure: failed program was:
| /* confdefs.h.  */
| 
| #define PACKAGE_NAME "wograld-client"
| #define PACKAGE_TARNAME "wograld-client"
| #define PACKAGE_VERSION "1.9.0"
| #define PACKAGE_STRING "wograld-client 1.9.0"
| #define PACKAGE_BUGREPORT ""
| #define PACKAGE "wograld-client"
| #define VERSION "1.9.0"
| /* end confdefs.h.  */
| #include <ac_nonexistent.h>
configure:3395: result: gcc -E
configure:3419: gcc -E  conftest.c
configure:3425: $? = 0
configure:3457: gcc -E  conftest.c
conftest.c:11:28: error: ac_nonexistent.h: No such file or directory
configure:3463: $? = 1
configure: failed program was:
| /* confdefs.h.  */
| 
| #define PACKAGE_NAME "wograld-client"
| #define PACKAGE_TARNAME "wograld-client"
| #define PACKAGE_VERSION "1.9.0"
| #define PACKAGE_STRING "wograld-client 1.9.0"
| #define PACKAGE_BUGREPORT ""
| #define PACKAGE "wograld-client"
| #define VERSION "1.9.0"
| /* end confdefs.h.  */
| #include <ac_nonexistent.h>
configure:3507: checking for X
configure:3612: gcc -E  conftest.c
configure:3618: $? = 0
configure:3668: gcc -o conftest -g -O2   conftest.c -lXt  >&5
configure:3674: $? = 0
configure:3678: test -z 
			 || test ! -s conftest.err
configure:3681: $? = 0
configure:3684: test -s conftest
configure:3687: $? = 0
configure:3737: result: libraries , headers 
configure:3909: gcc -o conftest -g -O2   conftest.c   -lX11 >&5
configure:3915: $? = 0
configure:3919: test -z 
			 || test ! -s conftest.err
configure:3922: $? = 0
configure:3925: test -s conftest
configure:3928: $? = 0
configure:4086: checking for gethostbyname
configure:4143: gcc -o conftest -g -O2   conftest.c  >&5
configure:4149: $? = 0
configure:4153: test -z 
			 || test ! -s conftest.err
configure:4156: $? = 0
configure:4159: test -s conftest
configure:4162: $? = 0
configure:4174: result: yes
configure:4325: checking for connect
configure:4382: gcc -o conftest -g -O2   conftest.c  >&5
configure:4388: $? = 0
configure:4392: test -z 
			 || test ! -s conftest.err
configure:4395: $? = 0
configure:4398: test -s conftest
configure:4401: $? = 0
configure:4413: result: yes
configure:4488: checking for remove
configure:4545: gcc -o conftest -g -O2   conftest.c  >&5
configure:4551: $? = 0
configure:4555: test -z 
			 || test ! -s conftest.err
configure:4558: $? = 0
configure:4561: test -s conftest
configure:4564: $? = 0
configure:4576: result: yes
configure:4651: checking for shmat
configure:4708: gcc -o conftest -g -O2   conftest.c  >&5
configure:4714: $? = 0
configure:4718: test -z 
			 || test ! -s conftest.err
configure:4721: $? = 0
configure:4724: test -s conftest
configure:4727: $? = 0
configure:4739: result: yes
configure:4823: checking for IceConnectionNumber in -lICE
configure:4853: gcc -o conftest -g -O2   conftest.c -lICE   >&5
configure:4859: $? = 0
configure:4863: test -z 
			 || test ! -s conftest.err
configure:4866: $? = 0
configure:4869: test -s conftest
configure:4872: $? = 0
configure:4885: result: yes
configure:4945: checking for pkg-config
configure:4963: found /usr/bin/pkg-config
configure:4975: result: /usr/bin/pkg-config
configure:4990: checking pkg-config is at least version 0.9.0
configure:4993: result: yes
configure:5004: checking for PACKAGE
configure:5012: $PKG_CONFIG --exists --print-errors "$pkg_modules"
configure:5015: $? = 0
configure:5030: $PKG_CONFIG --exists --print-errors "$pkg_modules"
configure:5033: $? = 0
configure:5069: result: yes
configure:5074: checking whether to enable maintainer-specific portions of Makefiles
configure:5083: result: no
configure:5101: checking for main in -lglut
configure:5125: gcc -o conftest -g -O2   conftest.c -lglut   >&5
configure:5131: $? = 0
configure:5135: test -z 
			 || test ! -s conftest.err
configure:5138: $? = 0
configure:5141: test -s conftest
configure:5144: $? = 0
configure:5157: result: yes
configure:5312: checking for gcc
configure:5338: result: gcc
configure:5582: checking for C compiler version
configure:5585: gcc --version </dev/null >&5
gcc (GCC) 4.1.0
Copyright (C) 2006 Free Software Foundation, Inc.
This is free software; see the source for copying conditions.  There is NO
warranty; not even for MERCHANTABILITY or FITNESS FOR A PARTICULAR PURPOSE.

configure:5588: $? = 0
configure:5590: gcc -v </dev/null >&5
Using built-in specs.
Target: i686-pc-linux-gnu
Configured with: ./configure 
Thread model: posix
gcc version 4.1.0
configure:5593: $? = 0
configure:5595: gcc -V </dev/null >&5
gcc: '-V' option must have argument
configure:5598: $? = 1
configure:5601: checking whether we are using the GNU C compiler
configure:5657: result: yes
configure:5663: checking whether gcc accepts -g
configure:5714: result: yes
configure:5731: checking for gcc option to accept ANSI C
configure:5838: result: none needed
configure:5856: gcc -c -g -O2  conftest.c >&5
conftest.c:2: error: expected '=', ',', ';', 'asm' or '__attribute__' before 'me'
configure:5862: $? = 1
configure: failed program was:
| #ifndef __cplusplus
|   choke me
| #endif
configure:5997: checking dependency style of gcc
configure:6087: result: gcc3
configure:6105: checking whether byte ordering is bigendian
configure:6132: gcc -c -g -O2  conftest.c >&5
configure:6138: $? = 0
configure:6142: test -z 
			 || test ! -s conftest.err
configure:6145: $? = 0
configure:6148: test -s conftest.o
configure:6151: $? = 0
configure:6175: gcc -c -g -O2  conftest.c >&5
conftest.c: In function 'main':
conftest.c:19: error: 'not' undeclared (first use in this function)
conftest.c:19: error: (Each undeclared identifier is reported only once
conftest.c:19: error: for each function it appears in.)
conftest.c:19: error: expected ';' before 'big'
configure:6181: $? = 1
configure: failed program was:
| /* confdefs.h.  */
| 
| #define PACKAGE_NAME "wograld-client"
| #define PACKAGE_TARNAME "wograld-client"
| #define PACKAGE_VERSION "1.9.0"
| #define PACKAGE_STRING "wograld-client 1.9.0"
| #define PACKAGE_BUGREPORT ""
| #define PACKAGE "wograld-client"
| #define VERSION "1.9.0"
| #define HAVE_OPENGL 1
| /* end confdefs.h.  */
| #include <sys/types.h>
| #include <sys/param.h>
| 
| int
| main ()
| {
| #if BYTE_ORDER != BIG_ENDIAN
|  not big endian
| #endif
| 
|   ;
|   return 0;
| }
configure:6316: result: no
configure:6374: checking for a BSD-compatible install
configure:6429: result: /usr/bin/install -c
configure:6440: checking whether ln -s works
configure:6444: result: yes
configure:6451: checking whether make sets $(MAKE)
configure:6471: result: yes
configure:6485: checking how to run the C preprocessor
configure:6603: result: gcc -E
configure:6627: gcc -E  conftest.c
configure:6633: $? = 0
configure:6665: gcc -E  conftest.c
conftest.c:12:28: error: ac_nonexistent.h: No such file or directory
configure:6671: $? = 1
configure: failed program was:
| /* confdefs.h.  */
| 
| #define PACKAGE_NAME "wograld-client"
| #define PACKAGE_TARNAME "wograld-client"
| #define PACKAGE_VERSION "1.9.0"
| #define PACKAGE_STRING "wograld-client 1.9.0"
| #define PACKAGE_BUGREPORT ""
| #define PACKAGE "wograld-client"
| #define VERSION "1.9.0"
| #define HAVE_OPENGL 1
| /* end confdefs.h.  */
| #include <ac_nonexistent.h>
configure:6755: checking for ranlib
configure:6771: found /usr/bin/ranlib
configure:6782: result: ranlib
configure:6846: checking for gtk-config
configure:6877: result: no
configure:6885: checking for GTK - version >= 1.0.0
configure:7021: result: no
configure:7126: result: GTK not found - building xlib client
configure:7145: checking for main in -lasound
configure:7169: gcc -o conftest -g -O2     conftest.c -lasound -lm  >&5
configure:7175: $? = 0
configure:7179: test -z 
			 || test ! -s conftest.err
configure:7182: $? = 0
configure:7185: test -s conftest
configure:7188: $? = 0
configure:7201: result: yes
configure:7208: checking for alNewConfig in -laudio
configure:7238: gcc -o conftest -g -O2     conftest.c -laudio   >&5
/usr/bin/ld: cannot find -laudio
collect2: ld returned 1 exit status
configure:7244: $? = 1
configure: failed program was:
| /* confdefs.h.  */
| 
| #define PACKAGE_NAME "wograld-client"
| #define PACKAGE_TARNAME "wograld-client"
| #define PACKAGE_VERSION "1.9.0"
| #define PACKAGE_STRING "wograld-client 1.9.0"
| #define PACKAGE_BUGREPORT ""
| #define PACKAGE "wograld-client"
| #define VERSION "1.9.0"
| #define HAVE_OPENGL 1
| /* end confdefs.h.  */
| 
| /* Override any gcc2 internal prototype to avoid an error.  */
| #ifdef __cplusplus
| extern "C"
| #endif
| /* We use char because int might match the return type of a gcc2
|    builtin and then its argument prototype would still apply.  */
| char alNewConfig ();
| int
| main ()
| {
| alNewConfig ();
|   ;
|   return 0;
| }
configure:7270: result: no
configure:7277: checking for egrep
configure:7287: result: grep -E
configure:7292: checking for ANSI C header files
configure:7317: gcc -c -g -O2   conftest.c >&5
configure:7323: $? = 0
configure:7327: test -z 
			 || test ! -s conftest.err
configure:7330: $? = 0
configure:7333: test -s conftest.o
configure:7336: $? = 0
configure:7425: gcc -o conftest -g -O2     conftest.c  >&5
conftest.c: In function 'main':
conftest.c:29: warning: incompatible implicit declaration of built-in function 'exit'
configure:7428: $? = 0
configure:7430: ./conftest
configure:7433: $? = 0
configure:7448: result: yes
configure:7472: checking for sys/types.h
configure:7488: gcc -c -g -O2   conftest.c >&5
configure:7494: $? = 0
configure:7498: test -z 
			 || test ! -s conftest.err
configure:7501: $? = 0
configure:7504: test -s conftest.o
configure:7507: $? = 0
configure:7518: result: yes
configure:7472: checking for sys/stat.h
configure:7488: gcc -c -g -O2   conftest.c >&5
configure:7494: $? = 0
configure:7498: test -z 
			 || test ! -s conftest.err
configure:7501: $? = 0
configure:7504: test -s conftest.o
configure:7507: $? = 0
configure:7518: result: yes
configure:7472: checking for stdlib.h
configure:7488: gcc -c -g -O2   conftest.c >&5
configure:7494: $? = 0
configure:7498: test -z 
			 || test ! -s conftest.err
configure:7501: $? = 0
configure:7504: test -s conftest.o
configure:7507: $? = 0
configure:7518: result: yes
configure:7472: checking for string.h
configure:7488: gcc -c -g -O2   conftest.c >&5
configure:7494: $? = 0
configure:7498: test -z 
			 || test ! -s conftest.err
configure:7501: $? = 0
configure:7504: test -s conftest.o
configure:7507: $? = 0
configure:7518: result: yes
configure:7472: checking for memory.h
configure:7488: gcc -c -g -O2   conftest.c >&5
configure:7494: $? = 0
configure:7498: test -z 
			 || test ! -s conftest.err
configure:7501: $? = 0
configure:7504: test -s conftest.o
configure:7507: $? = 0
configure:7518: result: yes
configure:7472: checking for strings.h
configure:7488: gcc -c -g -O2   conftest.c >&5
configure:7494: $? = 0
configure:7498: test -z 
			 || test ! -s conftest.err
configure:7501: $? = 0
configure:7504: test -s conftest.o
configure:7507: $? = 0
configure:7518: result: yes
configure:7472: checking for inttypes.h
configure:7488: gcc -c -g -O2   conftest.c >&5
configure:7494: $? = 0
configure:7498: test -z 
			 || test ! -s conftest.err
configure:7501: $? = 0
configure:7504: test -s conftest.o
configure:7507: $? = 0
configure:7518: result: yes
configure:7472: checking for stdint.h
configure:7488: gcc -c -g -O2   conftest.c >&5
configure:7494: $? = 0
configure:7498: test -z 
			 || test ! -s conftest.err
configure:7501: $? = 0
configure:7504: test -s conftest.o
configure:7507: $? = 0
configure:7518: result: yes
configure:7472: checking for unistd.h
configure:7488: gcc -c -g -O2   conftest.c >&5
configure:7494: $? = 0
configure:7498: test -z 
			 || test ! -s conftest.err
configure:7501: $? = 0
configure:7504: test -s conftest.o
configure:7507: $? = 0
configure:7518: result: yes
configure:7540: checking alsa/asoundlib.h usability
configure:7552: gcc -c -g -O2   conftest.c >&5
configure:7558: $? = 0
configure:7562: test -z 
			 || test ! -s conftest.err
configure:7565: $? = 0
configure:7568: test -s conftest.o
configure:7571: $? = 0
configure:7581: result: yes
configure:7585: checking alsa/asoundlib.h presence
configure:7595: gcc -E   conftest.c
configure:7601: $? = 0
configure:7621: result: yes
configure:7656: checking for alsa/asoundlib.h
configure:7663: result: yes
configure:7685: checking sys/soundcard.h usability
configure:7697: gcc -c -g -O2   conftest.c >&5
configure:7703: $? = 0
configure:7707: test -z 
			 || test ! -s conftest.err
configure:7710: $? = 0
configure:7713: test -s conftest.o
configure:7716: $? = 0
configure:7726: result: yes
configure:7730: checking sys/soundcard.h presence
configure:7740: gcc -E   conftest.c
configure:7746: $? = 0
configure:7766: result: yes
configure:7801: checking for sys/soundcard.h
configure:7808: result: yes
configure:7829: checking sys/audioio.h usability
configure:7841: gcc -c -g -O2   conftest.c >&5
conftest.c:56:25: error: sys/audioio.h: No such file or directory
configure:7847: $? = 1
configure: failed program was:
| /* confdefs.h.  */
| 
| #define PACKAGE_NAME "wograld-client"
| #define PACKAGE_TARNAME "wograld-client"
| #define PACKAGE_VERSION "1.9.0"
| #define PACKAGE_STRING "wograld-client 1.9.0"
| #define PACKAGE_BUGREPORT ""
| #define PACKAGE "wograld-client"
| #define VERSION "1.9.0"
| #define HAVE_OPENGL 1
| #define STDC_HEADERS 1
| #define HAVE_SYS_TYPES_H 1
| #define HAVE_SYS_STAT_H 1
| #define HAVE_STDLIB_H 1
| #define HAVE_STRING_H 1
| #define HAVE_MEMORY_H 1
| #define HAVE_STRINGS_H 1
| #define HAVE_INTTYPES_H 1
| #define HAVE_STDINT_H 1
| #define HAVE_UNISTD_H 1
| /* end confdefs.h.  */
| #include <stdio.h>
| #if HAVE_SYS_TYPES_H
| # include <sys/types.h>
| #endif
| #if HAVE_SYS_STAT_H
| # include <sys/stat.h>
| #endif
| #if STDC_HEADERS
| # include <stdlib.h>
| # include <stddef.h>
| #else
| # if HAVE_STDLIB_H
| #  include <stdlib.h>
| # endif
| #endif
| #if HAVE_STRING_H
| # if !STDC_HEADERS && HAVE_MEMORY_H
| #  include <memory.h>
| # endif
| # include <string.h>
| #endif
| #if HAVE_STRINGS_H
| # include <strings.h>
| #endif
| #if HAVE_INTTYPES_H
| # include <inttypes.h>
| #else
| # if HAVE_STDINT_H
| #  include <stdint.h>
| # endif
| #endif
| #if HAVE_UNISTD_H
| # include <unistd.h>
| #endif
| #include <sys/audioio.h>
configure:7870: result: no
configure:7874: checking sys/audioio.h presence
configure:7884: gcc -E   conftest.c
conftest.c:22:25: error: sys/audioio.h: No such file or directory
configure:7890: $? = 1
configure: failed program was:
| /* confdefs.h.  */
| 
| #define PACKAGE_NAME "wograld-client"
| #define PACKAGE_TARNAME "wograld-client"
| #define PACKAGE_VERSION "1.9.0"
| #define PACKAGE_STRING "wograld-client 1.9.0"
| #define PACKAGE_BUGREPORT ""
| #define PACKAGE "wograld-client"
| #define VERSION "1.9.0"
| #define HAVE_OPENGL 1
| #define STDC_HEADERS 1
| #define HAVE_SYS_TYPES_H 1
| #define HAVE_SYS_STAT_H 1
| #define HAVE_STDLIB_H 1
| #define HAVE_STRING_H 1
| #define HAVE_MEMORY_H 1
| #define HAVE_STRINGS_H 1
| #define HAVE_INTTYPES_H 1
| #define HAVE_STDINT_H 1
| #define HAVE_UNISTD_H 1
| /* end confdefs.h.  */
| #include <sys/audioio.h>
configure:7910: result: no
configure:7945: checking for sys/audioio.h
configure:7952: result: no
configure:7991: checking for main in -lossaudio
configure:8015: gcc -o conftest -g -O2 -DALSA9_SOUND -DOSS_SOUND     conftest.c -lossaudio   >&5
/usr/bin/ld: cannot find -lossaudio
collect2: ld returned 1 exit status
configure:8021: $? = 1
configure: failed program was:
| /* confdefs.h.  */
| 
| #define PACKAGE_NAME "wograld-client"
| #define PACKAGE_TARNAME "wograld-client"
| #define PACKAGE_VERSION "1.9.0"
| #define PACKAGE_STRING "wograld-client 1.9.0"
| #define PACKAGE_BUGREPORT ""
| #define PACKAGE "wograld-client"
| #define VERSION "1.9.0"
| #define HAVE_OPENGL 1
| #define STDC_HEADERS 1
| #define HAVE_SYS_TYPES_H 1
| #define HAVE_SYS_STAT_H 1
| #define HAVE_STDLIB_H 1
| #define HAVE_STRING_H 1
| #define HAVE_MEMORY_H 1
| #define HAVE_STRINGS_H 1
| #define HAVE_INTTYPES_H 1
| #define HAVE_STDINT_H 1
| #define HAVE_UNISTD_H 1
| /* end confdefs.h.  */
| 
| 
| int
| main ()
| {
| main ();
|   ;
|   return 0;
| }
configure:8047: result: no
configure:8125: checking for sdl-config
configure:8143: found /usr/bin/sdl-config
configure:8156: result: /usr/bin/sdl-config
configure:8164: checking for SDL - version >= 1.1.3
configure:8256: gcc -o conftest -g -O2 -DALSA9_SOUND -DOSS_SOUND -I/usr/include/SDL -D_REENTRANT     conftest.c  -L/usr/lib -lSDL -lpthread >&5
configure:8259: $? = 0
configure:8261: ./conftest
configure:8264: $? = 0
configure:8283: result: yes
configure:8382: checking for IMG_LoadPNG_RW in -lSDL_image
configure:8412: gcc -o conftest -g -O2 -DALSA9_SOUND -DOSS_SOUND     conftest.c -lSDL_image -I/usr/include/SDL -D_REENTRANT  >&5
configure:8418: $? = 0
configure:8422: test -z 
			 || test ! -s conftest.err
configure:8425: $? = 0
configure:8428: test -s conftest
configure:8431: $? = 0
configure:8444: result: yes
configure:8629: checking for main in -lXext
configure:8653: gcc -o conftest -g -O2 -DALSA9_SOUND -DOSS_SOUND -Wall        conftest.c -lXext     -lX11 >&5
configure:8659: $? = 0
configure:8663: test -z 
			 || test ! -s conftest.err
configure:8666: $? = 0
configure:8669: test -s conftest
configure:8672: $? = 0
configure:8685: result: yes
configure:8699: checking for sqrt in -lm
configure:8729: gcc -o conftest -g -O2 -DALSA9_SOUND -DOSS_SOUND -Wall     conftest.c -lm   >&5
conftest.c:30: warning: conflicting types for built-in function 'sqrt'
configure:8735: $? = 0
configure:8739: test -z 
			 || test ! -s conftest.err
configure:8742: $? = 0
configure:8745: test -s conftest
configure:8748: $? = 0
configure:8761: result: yes
configure:8774: checking for main in -lz
configure:8798: gcc -o conftest -g -O2 -DALSA9_SOUND -DOSS_SOUND -Wall     conftest.c -lz  -lm  >&5
configure:8804: $? = 0
configure:8808: test -z 
			 || test ! -s conftest.err
configure:8811: $? = 0
configure:8814: test -s conftest
configure:8817: $? = 0
configure:8830: result: yes
configure:8843: checking for main in -lpng
configure:8867: gcc -o conftest -g -O2 -DALSA9_SOUND -DOSS_SOUND -Wall     conftest.c -lpng  -lz -lm  >&5
configure:8873: $? = 0
configure:8877: test -z 
			 || test ! -s conftest.err
configure:8880: $? = 0
configure:8883: test -s conftest
configure:8886: $? = 0
configure:8899: result: yes
configure:8916: checking for ANSI C header files
configure:9072: result: yes
configure:9101: checking fcntl.h usability
configure:9113: gcc -c -g -O2 -DALSA9_SOUND -DOSS_SOUND -Wall   conftest.c >&5
configure:9119: $? = 0
configure:9123: test -z 
			 || test ! -s conftest.err
configure:9126: $? = 0
configure:9129: test -s conftest.o
configure:9132: $? = 0
configure:9142: result: yes
configure:9146: checking fcntl.h presence
configure:9156: gcc -E   conftest.c
configure:9162: $? = 0
configure:9182: result: yes
configure:9217: checking for fcntl.h
configure:9224: result: yes
configure:9101: checking sys/ioctl.h usability
configure:9113: gcc -c -g -O2 -DALSA9_SOUND -DOSS_SOUND -Wall   conftest.c >&5
configure:9119: $? = 0
configure:9123: test -z 
			 || test ! -s conftest.err
configure:9126: $? = 0
configure:9129: test -s conftest.o
configure:9132: $? = 0
configure:9142: result: yes
configure:9146: checking sys/ioctl.h presence
configure:9156: gcc -E   conftest.c
configure:9162: $? = 0
configure:9182: result: yes
configure:9217: checking for sys/ioctl.h
configure:9224: result: yes
configure:9101: checking sys/time.h usability
configure:9113: gcc -c -g -O2 -DALSA9_SOUND -DOSS_SOUND -Wall   conftest.c >&5
configure:9119: $? = 0
configure:9123: test -z 
			 || test ! -s conftest.err
configure:9126: $? = 0
configure:9129: test -s conftest.o
configure:9132: $? = 0
configure:9142: result: yes
configure:9146: checking sys/time.h presence
configure:9156: gcc -E   conftest.c
configure:9162: $? = 0
configure:9182: result: yes
configure:9217: checking for sys/time.h
configure:9224: result: yes
configure:9092: checking for unistd.h
configure:9097: result: yes
configure:9092: checking for string.h
configure:9097: result: yes
configure:9101: checking sys/select.h usability
configure:9113: gcc -c -g -O2 -DALSA9_SOUND -DOSS_SOUND -Wall   conftest.c >&5
configure:9119: $? = 0
configure:9123: test -z 
			 || test ! -s conftest.err
configure:9126: $? = 0
configure:9129: test -s conftest.o
configure:9132: $? = 0
configure:9142: result: yes
configure:9146: checking sys/select.h presence
configure:9156: gcc -E   conftest.c
configure:9162: $? = 0
configure:9182: result: yes
configure:9217: checking for sys/select.h
configure:9224: result: yes
configure:9454: checking for an ANSI C-conforming const
configure:9521: gcc -c -g -O2 -DALSA9_SOUND -DOSS_SOUND -Wall   conftest.c >&5
conftest.c: In function 'main':
conftest.c:60: warning: unused variable 's'
conftest.c:80: warning: unused variable 'foo'
conftest.c:47: warning: unused variable 'zero'
conftest.c:41: warning: unused variable 'x'
conftest.c:62: warning: 't' is used uninitialized in this function
conftest.c:77: warning: 'b' is used uninitialized in this function
configure:9527: $? = 0
configure:9531: test -z 
			 || test ! -s conftest.err
configure:9534: $? = 0
configure:9537: test -s conftest.o
configure:9540: $? = 0
configure:9551: result: yes
configure:9561: checking whether time.h and sys/time.h may both be included
configure:9586: gcc -c -g -O2 -DALSA9_SOUND -DOSS_SOUND -Wall   conftest.c >&5
configure:9592: $? = 0
configure:9596: test -z 
			 || test ! -s conftest.err
configure:9599: $? = 0
configure:9602: test -s conftest.o
configure:9605: $? = 0
configure:9616: result: yes
configure:9627: checking for long
configure:9651: gcc -c -g -O2 -DALSA9_SOUND -DOSS_SOUND -Wall   conftest.c >&5
configure:9657: $? = 0
configure:9661: test -z 
			 || test ! -s conftest.err
configure:9664: $? = 0
configure:9667: test -s conftest.o
configure:9670: $? = 0
configure:9681: result: yes
configure:9684: checking size of long
configure:10003: gcc -o conftest -g -O2 -DALSA9_SOUND -DOSS_SOUND -Wall     conftest.c -lpng -lz -lm  >&5
configure:10006: $? = 0
configure:10008: ./conftest
configure:10011: $? = 0
configure:10034: result: 4
configure:10041: checking for long long
configure:10065: gcc -c -g -O2 -DALSA9_SOUND -DOSS_SOUND -Wall   conftest.c >&5
configure:10071: $? = 0
configure:10075: test -z 
			 || test ! -s conftest.err
configure:10078: $? = 0
configure:10081: test -s conftest.o
configure:10084: $? = 0
configure:10095: result: yes
configure:10098: checking size of long long
configure:10417: gcc -o conftest -g -O2 -DALSA9_SOUND -DOSS_SOUND -Wall     conftest.c -lpng -lz -lm  >&5
configure:10420: $? = 0
configure:10422: ./conftest
configure:10425: $? = 0
configure:10448: result: 8
configure:10458: checking whether gcc needs -traditional
configure:10500: result: no
configure:10511: checking for vprintf
configure:10568: gcc -o conftest -g -O2 -DALSA9_SOUND -DOSS_SOUND -Wall     conftest.c -lpng -lz -lm  >&5
conftest.c:60: warning: conflicting types for built-in function 'vprintf'
configure:10574: $? = 0
configure:10578: test -z 
			 || test ! -s conftest.err
configure:10581: $? = 0
configure:10584: test -s conftest
configure:10587: $? = 0
configure:10599: result: yes
configure:10606: checking for _doprnt
configure:10663: gcc -o conftest -g -O2 -DALSA9_SOUND -DOSS_SOUND -Wall     conftest.c -lpng -lz -lm  >&5
/tmp/ccy6y4nf.o: In function `main':/home/LX/Desktop/wograld-client-1.9.0/wograld-client-1.9.0/gtk/conftest.c:76: undefined reference to `_doprnt'
/tmp/ccy6y4nf.o:(.data+0x0): undefined reference to `_doprnt'
collect2: ld returned 1 exit status
configure:10669: $? = 1
configure: failed program was:
| /* confdefs.h.  */
| 
| #define PACKAGE_NAME "wograld-client"
| #define PACKAGE_TARNAME "wograld-client"
| #define PACKAGE_VERSION "1.9.0"
| #define PACKAGE_STRING "wograld-client 1.9.0"
| #define PACKAGE_BUGREPORT ""
| #define PACKAGE "wograld-client"
| #define VERSION "1.9.0"
| #define HAVE_OPENGL 1
| #define STDC_HEADERS 1
| #define HAVE_SYS_TYPES_H 1
| #define HAVE_SYS_STAT_H 1
| #define HAVE_STDLIB_H 1
| #define HAVE_STRING_H 1
| #define HAVE_MEMORY_H 1
| #define HAVE_STRINGS_H 1
| #define HAVE_INTTYPES_H 1
| #define HAVE_STDINT_H 1
| #define HAVE_UNISTD_H 1
| #define HAVE_SDL 1
| #define HAVE_LIBM 1
| #define HAVE_LIBZ 1
| #define HAVE_LIBPNG 1
| #define STDC_HEADERS 1
| #define HAVE_FCNTL_H 1
| #define HAVE_SYS_IOCTL_H 1
| #define HAVE_SYS_TIME_H 1
| #define HAVE_UNISTD_H 1
| #define HAVE_STRING_H 1
| #define HAVE_SYS_SELECT_H 1
| #define TIME_WITH_SYS_TIME 1
| #define SIZEOF_LONG 4
| #define SIZEOF_LONG_LONG 8
| #define HAVE_VPRINTF 1
| /* end confdefs.h.  */
| /* Define _doprnt to an innocuous variant, in case <limits.h> declares _doprnt.
|    For example, HP-UX 11i <limits.h> declares gettimeofday.  */
| #define _doprnt innocuous__doprnt
| 
| /* System header to define __stub macros and hopefully few prototypes,
|     which can conflict with char _doprnt (); below.
|     Prefer <limits.h> to <assert.h> if __STDC__ is defined, since
|     <limits.h> exists even on freestanding compilers.  */
| 
| #ifdef __STDC__
| # include <limits.h>
| #else
| # include <assert.h>
| #endif
| 
| #undef _doprnt
| 
| /* Override any gcc2 internal prototype to avoid an error.  */
| #ifdef __cplusplus
| extern "C"
| {
| #endif
| /* We use char because int might match the return type of a gcc2
|    builtin and then its argument prototype would still apply.  */
| char _doprnt ();
| /* The GNU C library defines this for functions which it implements
|     to always fail with ENOSYS.  Some functions are actually named
|     something starting with __ and the normal name is an alias.  */
| #if defined (__stub__doprnt) || defined (__stub____doprnt)
| choke me
| #else
| char (*f) () = _doprnt;
| #endif
| #ifdef __cplusplus
| }
| #endif
| 
| int
| main ()
| {
| return f != _doprnt;
|   ;
|   return 0;
| }
configure:10694: result: no
configure:10715: checking for mkdir
configure:10772: gcc -o conftest -g -O2 -DALSA9_SOUND -DOSS_SOUND -Wall     conftest.c -lpng -lz -lm  >&5
configure:10778: $? = 0
configure:10782: test -z 
			 || test ! -s conftest.err
configure:10785: $? = 0
configure:10788: test -s conftest
configure:10791: $? = 0
configure:10803: result: yes
configure:10715: checking for socket
configure:10772: gcc -o conftest -g -O2 -DALSA9_SOUND -DOSS_SOUND -Wall     conftest.c -lpng -lz -lm  >&5
configure:10778: $? = 0
configure:10782: test -z 
			 || test ! -s conftest.err
configure:10785: $? = 0
configure:10788: test -s conftest
configure:10791: $? = 0
configure:10803: result: yes
configure:10715: checking for strcspn
configure:10772: gcc -o conftest -g -O2 -DALSA9_SOUND -DOSS_SOUND -Wall     conftest.c -lpng -lz -lm  >&5
conftest.c:63: warning: conflicting types for built-in function 'strcspn'
configure:10778: $? = 0
configure:10782: test -z 
			 || test ! -s conftest.err
configure:10785: $? = 0
configure:10788: test -s conftest
configure:10791: $? = 0
configure:10803: result: yes
configure:10715: checking for sysconf
configure:10772: gcc -o conftest -g -O2 -DALSA9_SOUND -DOSS_SOUND -Wall     conftest.c -lpng -lz -lm  >&5
configure:10778: $? = 0
configure:10782: test -z 
			 || test ! -s conftest.err
configure:10785: $? = 0
configure:10788: test -s conftest
configure:10791: $? = 0
configure:10803: result: yes
configure:10964: creating ./config.status

## ---------------------- ##
## Running config.status. ##
## ---------------------- ##

This file was extended by wograld-client config.status 1.9.0, which was
generated by GNU Autoconf 2.59.  Invocation command line was

  CONFIG_FILES    = 
  CONFIG_HEADERS  = 
  CONFIG_LINKS    = 
  CONFIG_COMMANDS = 
  $ ./config.status 

on localhost.localdomain

config.status:752: creating Makefile
config.status:752: creating gtk/Makefile
config.status:752: creating x11/Makefile
config.status:752: creating common/Makefile
config.status:752: creating sound-src/Makefile
config.status:752: creating gtk-v2/Makefile
config.status:752: creating pixmaps/Makefile
config.status:752: creating gtk-v2/src/Makefile
config.status:752: creating help/Makefile
config.status:752: creating utils/Makefile
config.status:849: creating common/config.h
config.status:1017: common/config.h is unchanged
config.status:1197: executing depfiles commands

## ---------------- ##
## Cache variables. ##
## ---------------- ##

ac_cv_build=i686-redhat-linux-gnu
ac_cv_build_alias=i686-redhat-linux-gnu
ac_cv_c_bigendian=no
ac_cv_c_compiler_gnu=yes
ac_cv_c_const=yes
ac_cv_env_CC_set=
ac_cv_env_CC_value=
ac_cv_env_CFLAGS_set=
ac_cv_env_CFLAGS_value=
ac_cv_env_CPPFLAGS_set=
ac_cv_env_CPPFLAGS_value=
ac_cv_env_CPP_set=
ac_cv_env_CPP_value=
ac_cv_env_LDFLAGS_set=
ac_cv_env_LDFLAGS_value=
ac_cv_env_PACKAGE_CFLAGS_set=
ac_cv_env_PACKAGE_CFLAGS_value=
ac_cv_env_PACKAGE_LIBS_set=
ac_cv_env_PACKAGE_LIBS_value=
ac_cv_env_PKG_CONFIG_set=
ac_cv_env_PKG_CONFIG_value=
ac_cv_env_build_alias_set=
ac_cv_env_build_alias_value=
ac_cv_env_host_alias_set=
ac_cv_env_host_alias_value=
ac_cv_env_target_alias_set=
ac_cv_env_target_alias_value=
ac_cv_exeext=
ac_cv_func__doprnt=no
ac_cv_func_connect=yes
ac_cv_func_gethostbyname=yes
ac_cv_func_mkdir=yes
ac_cv_func_remove=yes
ac_cv_func_shmat=yes
ac_cv_func_socket=yes
ac_cv_func_strcspn=yes
ac_cv_func_sysconf=yes
ac_cv_func_vprintf=yes
ac_cv_have_x='have_x=yes 		ac_x_includes= ac_x_libraries='
ac_cv_header_alsa_asoundlib_h=yes
ac_cv_header_fcntl_h=yes
ac_cv_header_inttypes_h=yes
ac_cv_header_memory_h=yes
ac_cv_header_stdc=yes
ac_cv_header_stdint_h=yes
ac_cv_header_stdlib_h=yes
ac_cv_header_string_h=yes
ac_cv_header_strings_h=yes
ac_cv_header_sys_audioio_h=no
ac_cv_header_sys_ioctl_h=yes
ac_cv_header_sys_select_h=yes
ac_cv_header_sys_soundcard_h=yes
ac_cv_header_sys_stat_h=yes
ac_cv_header_sys_time_h=yes
ac_cv_header_sys_types_h=yes
ac_cv_header_time=yes
ac_cv_header_unistd_h=yes
ac_cv_host=i686-redhat-linux-gnu
ac_cv_host_alias=i686-redhat-linux-gnu
ac_cv_lib_ICE_IceConnectionNumber=yes
ac_cv_lib_SDL_image_IMG_LoadPNG_RW=yes
ac_cv_lib_Xext_main=yes
ac_cv_lib_asound_main=yes
ac_cv_lib_audio_alNewConfig=no
ac_cv_lib_glut_main=yes
ac_cv_lib_m_sqrt=yes
ac_cv_lib_ossaudio_main=no
ac_cv_lib_png_main=yes
ac_cv_lib_z_main=yes
ac_cv_objext=o
ac_cv_path_AR=/usr/bin/ar
ac_cv_path_CP=/bin/cp
ac_cv_path_GTK_CONFIG=no
ac_cv_path_MKDIR=/bin/mkdir
ac_cv_path_PERL=/usr/bin/perl
ac_cv_path_RM=/bin/rm
ac_cv_path_SDL_CONFIG=/usr/bin/sdl-config
ac_cv_path_TAR=/bin/tar
ac_cv_path_ac_pt_PKG_CONFIG=/usr/bin/pkg-config
ac_cv_path_install='/usr/bin/install -c'
ac_cv_prog_AWK=gawk
ac_cv_prog_CPP='gcc -E'
ac_cv_prog_ac_ct_CC=gcc
ac_cv_prog_ac_ct_RANLIB=ranlib
ac_cv_prog_cc_g=yes
ac_cv_prog_cc_stdc=
ac_cv_prog_egrep='grep -E'
ac_cv_prog_gcc_traditional=no
ac_cv_prog_make_make_set=yes
ac_cv_sizeof_long=4
ac_cv_sizeof_long_long=8
ac_cv_target=i686-redhat-linux-gnu
ac_cv_target_alias=i686-redhat-linux-gnu
ac_cv_type_long=yes
ac_cv_type_long_long=yes
am_cv_CC_dependencies_compiler_type=gcc3
pkg_cv_PACKAGE_CFLAGS='-I/usr/include/gtk-2.0 -I/usr/lib/gtk-2.0/include -I/usr/include/atk-1.0 -I/usr/include/cairo -I/usr/include/pango-1.0 -I/usr/include/glib-2.0 -I/usr/lib/glib-2.0/include  '
pkg_cv_PACKAGE_LIBS='-lgtk-x11-2.0 -lgdk-x11-2.0 -latk-1.0 -lgdk_pixbuf-2.0 -lm -lpangocairo-1.0 -lpango-1.0 -lcairo -lgobject-2.0 -lgmodule-2.0 -ldl -lglib-2.0  '

## ----------------- ##
## Output variables. ##
## ----------------- ##

ACLOCAL='${SHELL} /home/LX/Desktop/wograld-client-1.9.0/wograld-client-1.9.0/utils/missing --run aclocal-1.9'
ALSA9_LIBS='-lasound -lm'
ALSA9_TARGET='cfsndserv_alsa9$(EXEEXT)'
AMDEPBACKSLASH='\'
AMDEP_FALSE='#'
AMDEP_TRUE=''
AMTAR='${SHELL} /home/LX/Desktop/wograld-client-1.9.0/wograld-client-1.9.0/utils/missing --run tar'
AR='/usr/bin/ar'
AUTOCONF='${SHELL} /home/LX/Desktop/wograld-client-1.9.0/wograld-client-1.9.0/utils/missing --run autoconf'
AUTOHEADER='${SHELL} /home/LX/Desktop/wograld-client-1.9.0/wograld-client-1.9.0/utils/missing --run autoheader'
AUTOMAKE='${SHELL} /home/LX/Desktop/wograld-client-1.9.0/wograld-client-1.9.0/utils/missing --run automake-1.9'
AWK='gawk'
CC='gcc'
CCDEPMODE='depmode=gcc3'
CFGTK='no'
CFLAGS='-g -O2 -DALSA9_SOUND -DOSS_SOUND -Wall'
CF_SUBDIRS='common x11 pixmaps utils help gtk-v2 sound-src'
CP='/bin/cp'
CPP='gcc -E'
CPPFLAGS=' '
CYGPATH_W='echo'
DATADIR=''
DEFS='-DHAVE_CONFIG_H'
DEPDIR='.deps'
DEPEND=''
DMALLOC_LIB=''
ECHO_C=''
ECHO_N='-n'
ECHO_T=''
EGREP='grep -E'
EXEEXT=''
GTK_CFLAGS=''
GTK_CONFIG='no'
GTK_LIBS=''
GUI_OBJS=''
GUI_SRCS=''
INSTALL_DATA='${INSTALL} -m 644'
INSTALL_PROGRAM='${INSTALL}'
INSTALL_SCRIPT='${INSTALL}'
INSTALL_STRIP_PROGRAM='${SHELL} $(install_sh) -c -s'
INTLLIBS=''
LDFLAGS=' '
LIBOBJS=''
LIBS='-lpng -lz -lm '
LIBXPM_LIB=''
LN_S='ln -s'
LTLIBOBJS=''
MAINT='#'
MAINTAINER_MODE_FALSE=''
MAINTAINER_MODE_TRUE='#'
MAKEINFO='${SHELL} /home/LX/Desktop/wograld-client-1.9.0/wograld-client-1.9.0/utils/missing --run makeinfo'
MKDIR='/bin/mkdir'
OBJEXT='o'
OPENGL_LIBS='-lglut'
PACKAGE='wograld-client'
PACKAGE_BUGREPORT=''
PACKAGE_CFLAGS='-I/usr/include/gtk-2.0 -I/usr/lib/gtk-2.0/include -I/usr/include/atk-1.0 -I/usr/include/cairo -I/usr/include/pango-1.0 -I/usr/include/glib-2.0 -I/usr/lib/glib-2.0/include  '
PACKAGE_LIBS='-lgtk-x11-2.0 -lgdk-x11-2.0 -latk-1.0 -lgdk_pixbuf-2.0 -lm -lpangocairo-1.0 -lpango-1.0 -lcairo -lgobject-2.0 -lgmodule-2.0 -ldl -lglib-2.0  '
PACKAGE_NAME='wograld-client'
PACKAGE_STRING='wograld-client 1.9.0'
PACKAGE_TARNAME='wograld-client'
PACKAGE_VERSION='1.9.0'
PATH_SEPARATOR=':'
PERL='/usr/bin/perl'
PKG_CONFIG='/usr/bin/pkg-config'
RANLIB='ranlib'
RM='/bin/rm'
SDL_CFLAGS='-I/usr/include/SDL -D_REENTRANT'
SDL_CONFIG='/usr/bin/sdl-config'
SDL_LIBS='-L/usr/lib -lSDL -lpthread -lSDL_image'
SET_MAKE=''
SHELL='/bin/sh'
SND_LIBS='-lm'
SOUNDDIR='${prefix}/share/wograld-client/sounds'
STRIP=''
TAR='/bin/tar'
TARGET=''
VERSION='1.9.0'
XPM=''
X_CFLAGS=''
X_EXTRA_LIBS=''
X_LIBS=' -lX11 -lXext'
X_PRE_LIBS=' -lSM -lICE'
ac_ct_CC='gcc'
ac_ct_RANLIB='ranlib'
ac_ct_STRIP=''
ac_pt_PKG_CONFIG='/usr/bin/pkg-config'
am__fastdepCC_FALSE='#'
am__fastdepCC_TRUE=''
am__include='include'
am__leading_dot='.'
am__quote=''
am__tar='${AMTAR} chof - "$$tardir"'
am__untar='${AMTAR} xf -'
bindir='${exec_prefix}/bin'
build='i686-redhat-linux-gnu'
build_alias=''
build_cpu='i686'
build_os='linux-gnu'
build_vendor='redhat'
datadir='${prefix}/share'
exec_prefix='${prefix}'
host='i686-redhat-linux-gnu'
host_alias=''
host_cpu='i686'
host_os='linux-gnu'
host_vendor='redhat'
includedir='${prefix}/include'
infodir='${prefix}/info'
install_sh='/home/LX/Desktop/wograld-client-1.9.0/wograld-client-1.9.0/utils/install-sh'
libdir='${exec_prefix}/lib'
libexecdir='${exec_prefix}/libexec'
localstatedir='${prefix}/var'
mandir='${prefix}/man'
mkdir_p='mkdir -p --'
oldincludedir='/usr/include'
prefix='/usr/local'
program_transform_name='s,x,x,'
sbindir='${exec_prefix}/sbin'
sharedstatedir='${prefix}/com'
sysconfdir='${prefix}/etc'
target='i686-redhat-linux-gnu'
target_alias=''
target_cpu='i686'
target_os='linux-gnu'
target_vendor='redhat'

## ----------- ##
## confdefs.h. ##
## ----------- ##

#define BINDIR "/usr/local/bin"
#define DATADIR "/usr/local/share/wograld-client"
#define HAVE_FCNTL_H 1
#define HAVE_INTTYPES_H 1
#define HAVE_LIBM 1
#define HAVE_LIBPNG 1
#define HAVE_LIBZ 1
#define HAVE_MEMORY_H 1
#define HAVE_MKDIR 1
#define HAVE_OPENGL 1
#define HAVE_SDL 1
#define HAVE_SOCKET 1
#define HAVE_STDINT_H 1
#define HAVE_STDLIB_H 1
#define HAVE_STRCSPN 1
#define HAVE_STRINGS_H 1
#define HAVE_STRING_H 1
#define HAVE_STRING_H 1
#define HAVE_SYSCONF 1
#define HAVE_SYS_IOCTL_H 1
#define HAVE_SYS_SELECT_H 1
#define HAVE_SYS_STAT_H 1
#define HAVE_SYS_TIME_H 1
#define HAVE_SYS_TYPES_H 1
#define HAVE_UNISTD_H 1
#define HAVE_UNISTD_H 1
#define HAVE_VPRINTF 1
#define PACKAGE "wograld-client"
#define PACKAGE_BUGREPORT ""
#define PACKAGE_NAME "wograld-client"
#define PACKAGE_STRING "wograld-client 1.9.0"
#define PACKAGE_TARNAME "wograld-client"
#define PACKAGE_VERSION "1.9.0"
#define SIZEOF_LONG 4
#define SIZEOF_LONG_LONG 8
#define STDC_HEADERS 1
#define STDC_HEADERS 1
#define TIME_WITH_SYS_TIME 1
#define VERSION "1.9.0"

configure: exit 0
